;  LST file generated by mikroListExporter - v.2.0 
; Date/Time: 08/12/2015 21:59:39
;----------------------------------------------

;Address Opcode 	ASM
0x0000	0xF001EF21  	GOTO        578
0x0004	0x0000      	NOP
0x0006	0x0000      	NOP
0x0008	0xF000EF00  	GOTO        0
0x000C	0x0000      	NOP
0x000E	0x0000      	NOP
0x0010	0x0000      	NOP
0x0012	0x0000      	NOP
0x0014	0x0000      	NOP
0x0016	0x0000      	NOP
0x0018	0xD7F3      	BRA         0
_UART1_Write:
;__Lib_UART_c67.c,58 :: 		
;__Lib_UART_c67.c,59 :: 		
L_UART1_Write3:
0x001C	0xB2AC      	BTFSC       TXSTA, 1 
0x001E	0xD002      	BRA         L_UART1_Write4
;__Lib_UART_c67.c,60 :: 		
0x0020	0x0000      	NOP
0x0022	0xD7FC      	BRA         L_UART1_Write3
L_UART1_Write4:
;__Lib_UART_c67.c,61 :: 		
0x0024	0xFFADC11A  	MOVFF       FARG_UART1_Write_data_, TXREG
;__Lib_UART_c67.c,62 :: 		
L_end_UART1_Write:
0x0028	0x0012      	RETURN      0
; end of _UART1_Write
_Mul_32x32_U:
;__Lib_Math.c,1616 :: 		
;__Lib_Math.c,1631 :: 		
0x002A	0x0E22      	MOVLW       34
;__Lib_Math.c,1632 :: 		
0x002C	0x6E0C      	MOVWF       R12, 0
;__Lib_Math.c,1633 :: 		
0x002E	0x6A08      	CLRF        R8, 0
;__Lib_Math.c,1634 :: 		
0x0030	0x6A09      	CLRF        R9, 0
;__Lib_Math.c,1635 :: 		
0x0032	0x6A0A      	CLRF        R10, 0
;__Lib_Math.c,1636 :: 		
0x0034	0x6A0B      	CLRF        R11, 0
;__Lib_Math.c,1638 :: 		
_NEXT:
;__Lib_Math.c,1642 :: 		
0x0036	0x060C      	DECF        R12, 1, 0
;__Lib_Math.c,1643 :: 		
0x0038	0xB4D8      	BTFSC       STATUS, 2, 0
;__Lib_Math.c,1644 :: 		
0x003A	0xD01F      	BRA         _EXIT2
;__Lib_Math.c,1645 :: 		
0x003C	0x90D8      	BCF         STATUS, 0, 0
;__Lib_Math.c,1647 :: 		
_LOOP:
;__Lib_Math.c,1656 :: 		
0x003E	0x320B      	RRCF        R11, 1, 0
;__Lib_Math.c,1657 :: 		
0x0040	0x320A      	RRCF        R10, 1, 0
;__Lib_Math.c,1658 :: 		
0x0042	0x3209      	RRCF        R9, 1, 0
;__Lib_Math.c,1659 :: 		
0x0044	0x3208      	RRCF        R8, 1, 0
;__Lib_Math.c,1660 :: 		
0x0046	0x3203      	RRCF        R3, 1, 0
;__Lib_Math.c,1661 :: 		
0x0048	0x3202      	RRCF        R2, 1, 0
;__Lib_Math.c,1662 :: 		
0x004A	0x3201      	RRCF        R1, 1, 0
;__Lib_Math.c,1663 :: 		
0x004C	0x3200      	RRCF        R0, 1, 0
;__Lib_Math.c,1668 :: 		
0x004E	0xA0D8      	BTFSS       STATUS, 0, 0
;__Lib_Math.c,1669 :: 		
0x0050	0xD7F2      	BRA         _NEXT
;__Lib_Math.c,1670 :: 		
0x0052	0x060C      	DECF        R12, 1, 0
;__Lib_Math.c,1671 :: 		
0x0054	0xB4D8      	BTFSC       STATUS, 2, 0
;__Lib_Math.c,1672 :: 		
0x0056	0xD009      	BRA         _EXIT1
;__Lib_Math.c,1679 :: 		
0x0058	0x5004      	MOVF        R4, 0, 0
;__Lib_Math.c,1680 :: 		
0x005A	0x2608      	ADDWF       R8, 1, 0
;__Lib_Math.c,1681 :: 		
0x005C	0x5005      	MOVF        R5, 0, 0
;__Lib_Math.c,1684 :: 		
0x005E	0x2209      	ADDWFC      R9, 1, 0
;__Lib_Math.c,1685 :: 		
0x0060	0x5006      	MOVF        R6, 0, 0
;__Lib_Math.c,1688 :: 		
0x0062	0x220A      	ADDWFC      R10, 1, 0
;__Lib_Math.c,1689 :: 		
0x0064	0x5007      	MOVF        R7, 0, 0
;__Lib_Math.c,1692 :: 		
0x0066	0x220B      	ADDWFC      R11, 1, 0
;__Lib_Math.c,1694 :: 		
0x0068	0xD7EA      	BRA         _LOOP
;__Lib_Math.c,1696 :: 		
_EXIT1:
;__Lib_Math.c,1701 :: 		
0x006A	0x5004      	MOVF        R4, 0, 0
;__Lib_Math.c,1702 :: 		
0x006C	0x2608      	ADDWF       R8, 1, 0
;__Lib_Math.c,1703 :: 		
0x006E	0x5005      	MOVF        R5, 0, 0
;__Lib_Math.c,1706 :: 		
0x0070	0x2209      	ADDWFC      R9, 1, 0
;__Lib_Math.c,1707 :: 		
0x0072	0x5006      	MOVF        R6, 0, 0
;__Lib_Math.c,1710 :: 		
0x0074	0x220A      	ADDWFC      R10, 1, 0
;__Lib_Math.c,1711 :: 		
0x0076	0x5007      	MOVF        R7, 0, 0
;__Lib_Math.c,1714 :: 		
0x0078	0x220B      	ADDWFC      R11, 1, 0
;__Lib_Math.c,1717 :: 		
_EXIT2:
;__Lib_Math.c,1719 :: 		
L_end_Mul_32x32_U:
0x007A	0x0012      	RETURN      0
; end of _Mul_32x32_U
_UART1_Data_Ready:
;__Lib_UART_c67.c,34 :: 		
;__Lib_UART_c67.c,35 :: 		
0x007C	0x0E00      	MOVLW       0
0x007E	0xBA9E      	BTFSC       PIR1, 5 
0x0080	0x0E01      	MOVLW       1
0x0082	0x6E00      	MOVWF       R0 
;__Lib_UART_c67.c,36 :: 		
L_end_UART1_Data_Ready:
0x0084	0x0012      	RETURN      0
; end of _UART1_Data_Ready
_UART1_Read:
;__Lib_UART_c67.c,39 :: 		
;__Lib_UART_c67.c,42 :: 		
0x0086	0xF001CFAE  	MOVFF       RCREG, R1
;__Lib_UART_c67.c,43 :: 		
0x008A	0xA2AB      	BTFSS       RCSTA, 1 
0x008C	0xD002      	BRA         L_UART1_Read2
;__Lib_UART_c67.c,44 :: 		
0x008E	0x98AB      	BCF         RCSTA, 4 
;__Lib_UART_c67.c,45 :: 		
0x0090	0x88AB      	BSF         RCSTA, 4 
;__Lib_UART_c67.c,46 :: 		
L_UART1_Read2:
;__Lib_UART_c67.c,47 :: 		
0x0092	0xF000C001  	MOVFF       R1, R0
;__Lib_UART_c67.c,48 :: 		
L_end_UART1_Read:
0x0096	0x0012      	RETURN      0
; end of _UART1_Read
_Mul_16X16_U:
;__Lib_Math.c,440 :: 		
;__Lib_Math.c,447 :: 		
0x0098	0x6A0B      	CLRF        R11, 0
;__Lib_Math.c,448 :: 		
0x009A	0x6A0A      	CLRF        R10, 0
;__Lib_Math.c,449 :: 		
0x009C	0x6A09      	CLRF        R9, 0
;__Lib_Math.c,450 :: 		
0x009E	0x5000      	MOVF        R0, 0, 0
;__Lib_Math.c,451 :: 		
0x00A0	0x0204      	MULWF       R4, 0
;__Lib_Math.c,453 :: 		
0x00A2	0xF009CFF4  	MOVFF       PRODH, R9
;__Lib_Math.c,454 :: 		
0x00A6	0xF008CFF3  	MOVFF       PRODL, R8
;__Lib_Math.c,455 :: 		
0x00AA	0x5001      	MOVF        R1, 0, 0
;__Lib_Math.c,456 :: 		
0x00AC	0x0205      	MULWF       R5, 0
;__Lib_Math.c,458 :: 		
0x00AE	0xF00BCFF4  	MOVFF       PRODH, R11
;__Lib_Math.c,459 :: 		
0x00B2	0xF00ACFF3  	MOVFF       PRODL, R10
;__Lib_Math.c,460 :: 		
0x00B6	0x5000      	MOVF        R0, 0, 0
;__Lib_Math.c,461 :: 		
0x00B8	0x0205      	MULWF       R5, 0
;__Lib_Math.c,463 :: 		
0x00BA	0x50F3      	MOVF        PRODL, 0, 0
;__Lib_Math.c,464 :: 		
0x00BC	0x2609      	ADDWF       R9, 1, 0
;__Lib_Math.c,465 :: 		
0x00BE	0x50F4      	MOVF        PRODH, 0, 0
;__Lib_Math.c,466 :: 		
0x00C0	0x220A      	ADDWFC      R10, 1, 0
;__Lib_Math.c,467 :: 		
0x00C2	0x6AE8      	CLRF        WREG, 0
;__Lib_Math.c,468 :: 		
0x00C4	0x220B      	ADDWFC      R11, 1, 0
;__Lib_Math.c,469 :: 		
0x00C6	0x5001      	MOVF        R1, 0, 0
;__Lib_Math.c,470 :: 		
0x00C8	0x0204      	MULWF       R4, 0
;__Lib_Math.c,472 :: 		
0x00CA	0x50F3      	MOVF        PRODL, 0, 0
;__Lib_Math.c,473 :: 		
0x00CC	0x2609      	ADDWF       R9, 1, 0
;__Lib_Math.c,474 :: 		
0x00CE	0x50F4      	MOVF        PRODH, 0, 0
;__Lib_Math.c,475 :: 		
0x00D0	0x220A      	ADDWFC      R10, 1, 0
;__Lib_Math.c,476 :: 		
0x00D2	0x6AE8      	CLRF        WREG, 0
;__Lib_Math.c,477 :: 		
0x00D4	0x220B      	ADDWFC      R11, 1, 0
;__Lib_Math.c,479 :: 		
0x00D6	0xF000C008  	MOVFF       R8, R0
;__Lib_Math.c,480 :: 		
0x00DA	0xF001C009  	MOVFF       R9, R1
;__Lib_Math.c,481 :: 		
0x00DE	0xF002C00A  	MOVFF       R10, R2
;__Lib_Math.c,482 :: 		
0x00E2	0xF003C00B  	MOVFF       R11, R3
;__Lib_Math.c,485 :: 		
L_end_Mul_16X16_U:
0x00E6	0x0012      	RETURN      0
; end of _Mul_16X16_U
_UART1_Init:
;__Lib_UART_c67.c,15 :: 		
;__Lib_UART_c67.c,18 :: 		
0x00E8	0x0E1C      	MOVLW       _UART1_Write
0x00EA	0x0101      	MOVLB       1
0x00EC	0x6F10      	MOVWF       _UART_Wr_Ptr, 1
0x00EE	0x0E00      	MOVLW       hi_addr(_UART1_Write)
0x00F0	0x6F11      	MOVWF       _UART_Wr_Ptr+1, 1
0x00F2	0x0E1A      	MOVLW       FARG_UART1_Write_data_
0x00F4	0x6F12      	MOVWF       _UART_Wr_Ptr+2, 1
0x00F6	0x0E01      	MOVLW       hi_addr(FARG_UART1_Write_data_)
0x00F8	0x6F13      	MOVWF       _UART_Wr_Ptr+3, 1
;__Lib_UART_c67.c,19 :: 		
0x00FA	0x0E86      	MOVLW       _UART1_Read
0x00FC	0x6F04      	MOVWF       _UART_Rd_Ptr, 1
0x00FE	0x0E00      	MOVLW       hi_addr(_UART1_Read)
0x0100	0x6F05      	MOVWF       _UART_Rd_Ptr+1, 1
0x0102	0x0E00      	MOVLW       0
0x0104	0x6F06      	MOVWF       _UART_Rd_Ptr+2, 1
0x0106	0x0E00      	MOVLW       0
0x0108	0x6F07      	MOVWF       _UART_Rd_Ptr+3, 1
;__Lib_UART_c67.c,20 :: 		
0x010A	0x0E7C      	MOVLW       _UART1_Data_Ready
0x010C	0x6F08      	MOVWF       _UART_Rdy_Ptr, 1
0x010E	0x0E00      	MOVLW       hi_addr(_UART1_Data_Ready)
0x0110	0x6F09      	MOVWF       _UART_Rdy_Ptr+1, 1
0x0112	0x0E00      	MOVLW       0
0x0114	0x6F0A      	MOVWF       _UART_Rdy_Ptr+2, 1
0x0116	0x0E00      	MOVLW       0
0x0118	0x6F0B      	MOVWF       _UART_Rdy_Ptr+3, 1
;__Lib_UART_c67.c,21 :: 		
0x011A	0x0EFF      	MOVLW       _UART1_Tx_Idle
0x011C	0x6F0C      	MOVWF       _UART_Tx_Idle_Ptr, 1
0x011E	0x0EFF      	MOVLW       hi_addr(_UART1_Tx_Idle)
0x0120	0x6F0D      	MOVWF       _UART_Tx_Idle_Ptr+1, 1
0x0122	0x0E00      	MOVLW       0
0x0124	0x6F0E      	MOVWF       _UART_Tx_Idle_Ptr+2, 1
0x0126	0x0E00      	MOVLW       0
0x0128	0x6F0F      	MOVWF       _UART_Tx_Idle_Ptr+3, 1
;__Lib_UART_c67.c,23 :: 		
0x012A	0x8AAC      	BSF         TXSTA, 5 
;__Lib_UART_c67.c,24 :: 		
0x012C	0x0E90      	MOVLW       144
0x012E	0x6EAB      	MOVWF       RCSTA 
;__Lib_UART_c67.c,25 :: 		
0x0130	0x8E94      	BSF         TRISC7_bit, BitPos(TRISC7_bit+0) 
;__Lib_UART_c67.c,26 :: 		
0x0132	0x9C94      	BCF         TRISC6_bit, BitPos(TRISC6_bit+0) 
;__Lib_UART_c67.c,28 :: 		
L_UART1_Init0:
0x0134	0xAA9E      	BTFSS       PIR1, 5 
0x0136	0xD003      	BRA         L_UART1_Init1
;__Lib_UART_c67.c,29 :: 		
0x0138	0xF000CFAE  	MOVFF       RCREG, R0
0x013C	0xD7FB      	BRA         L_UART1_Init0
L_UART1_Init1:
;__Lib_UART_c67.c,30 :: 		
L_end_UART1_Init:
0x013E	0x0012      	RETURN      0
; end of _UART1_Init
___CC2DW:
;__Lib_System.c,21 :: 		
;__Lib_System.c,23 :: 		
_CC2DL_Loop1:
;__Lib_System.c,24 :: 		
0x0140	0x0009      	TBLRD*+
;__Lib_System.c,25 :: 		
0x0142	0xFFE6CFF5  	MOVFF       TABLAT, POSTINC1
;__Lib_System.c,26 :: 		
0x0146	0x0600      	DECF        R0, 1, 0
;__Lib_System.c,27 :: 		
0x0148	0xE1FB      	BNZ         _CC2DL_Loop1
;__Lib_System.c,28 :: 		
0x014A	0x0601      	DECF        R1, 1, 0
;__Lib_System.c,29 :: 		
0x014C	0xE1F9      	BNZ         _CC2DL_Loop1
;__Lib_System.c,31 :: 		
L_end___CC2DW:
0x014E	0x0012      	RETURN      0
; end of ___CC2DW
_VDelay_ms:
;__Lib_Delays.c,123 :: 		void VDelay_ms(unsigned Time_ms){
;__Lib_Delays.c,126 :: 		NumberOfCyc = Clock_kHz()>>2;
0x0150	0x0ED0      	MOVLW       208
0x0152	0x0101      	MOVLB       1
0x0154	0x6F16      	MOVWF       VDelay_ms_NumberOfCyc_L0, 1
0x0156	0x0E07      	MOVLW       7
0x0158	0x6F17      	MOVWF       VDelay_ms_NumberOfCyc_L0+1, 1
0x015A	0x0E00      	MOVLW       0
0x015C	0x6F18      	MOVWF       VDelay_ms_NumberOfCyc_L0+2, 1
0x015E	0x6F19      	MOVWF       VDelay_ms_NumberOfCyc_L0+3, 1
;__Lib_Delays.c,127 :: 		NumberOfCyc *= Time_ms;
0x0160	0x0ED0      	MOVLW       208
0x0162	0x6E00      	MOVWF       R0 
0x0164	0x0E07      	MOVLW       7
0x0166	0x6E01      	MOVWF       R1 
0x0168	0x0E00      	MOVLW       0
0x016A	0x6E02      	MOVWF       R2 
0x016C	0x0E00      	MOVLW       0
0x016E	0x6E03      	MOVWF       R3 
0x0170	0xF004C114  	MOVFF       FARG_VDelay_ms_Time_ms, R4
0x0174	0xF005C115  	MOVFF       FARG_VDelay_ms_Time_ms+1, R5
0x0178	0x0E00      	MOVLW       0
0x017A	0x6E06      	MOVWF       R6 
0x017C	0x6E07      	MOVWF       R7 
0x017E	0xDF55      	RCALL       _Mul_32x32_U
0x0180	0xF116C000  	MOVFF       R0, VDelay_ms_NumberOfCyc_L0
0x0184	0xF117C001  	MOVFF       R1, VDelay_ms_NumberOfCyc_L0+1
0x0188	0xF118C002  	MOVFF       R2, VDelay_ms_NumberOfCyc_L0+2
0x018C	0xF119C003  	MOVFF       R3, VDelay_ms_NumberOfCyc_L0+3
;__Lib_Delays.c,128 :: 		if (NumberOfCyc < 660)
0x0190	0x0E00      	MOVLW       0
0x0192	0x5C03      	SUBWF       R3, 0 
0x0194	0xE108      	BNZ         L__VDelay_ms54
0x0196	0x0E00      	MOVLW       0
0x0198	0x5C02      	SUBWF       R2, 0 
0x019A	0xE105      	BNZ         L__VDelay_ms54
0x019C	0x0E02      	MOVLW       2
0x019E	0x5C01      	SUBWF       R1, 0 
0x01A0	0xE102      	BNZ         L__VDelay_ms54
0x01A2	0x0E94      	MOVLW       148
0x01A4	0x5C00      	SUBWF       R0, 0 
L__VDelay_ms54:
0x01A6	0xE201      	BC          L_VDelay_ms23
;__Lib_Delays.c,129 :: 		return;
0x01A8	0xD031      	BRA         L_end_VDelay_ms
L_VDelay_ms23:
;__Lib_Delays.c,130 :: 		NumberOfCyc -= 660;
0x01AA	0x0E94      	MOVLW       148
0x01AC	0x5F16      	SUBWF       VDelay_ms_NumberOfCyc_L0, 1, 1
0x01AE	0x0E02      	MOVLW       2
0x01B0	0x5B17      	SUBWFB      VDelay_ms_NumberOfCyc_L0+1, 1, 1
0x01B2	0x0E00      	MOVLW       0
0x01B4	0x5B18      	SUBWFB      VDelay_ms_NumberOfCyc_L0+2, 1, 1
0x01B6	0x5B19      	SUBWFB      VDelay_ms_NumberOfCyc_L0+3, 1, 1
;__Lib_Delays.c,131 :: 		NumberOfCyc >>=  5;
0x01B8	0x0E05      	MOVLW       5
0x01BA	0x6E00      	MOVWF       R0 
0x01BC	0x5000      	MOVF        R0, 0 
L__VDelay_ms55:
0x01BE	0xE007      	BZ          L__VDelay_ms56
0x01C0	0x3319      	RRCF        VDelay_ms_NumberOfCyc_L0+3, 1, 1
0x01C2	0x3318      	RRCF        VDelay_ms_NumberOfCyc_L0+2, 1, 1
0x01C4	0x3317      	RRCF        VDelay_ms_NumberOfCyc_L0+1, 1, 1
0x01C6	0x3316      	RRCF        VDelay_ms_NumberOfCyc_L0, 1, 1
0x01C8	0x9F19      	BCF         VDelay_ms_NumberOfCyc_L0+3, 7, 1
0x01CA	0x0FFF      	ADDLW       255
0x01CC	0xD7F8      	BRA         L__VDelay_ms55
L__VDelay_ms56:
;__Lib_Delays.c,133 :: 		while (NumberOfCyc--)
L_VDelay_ms24:
0x01CE	0xF000C116  	MOVFF       VDelay_ms_NumberOfCyc_L0, R0
0x01D2	0xF001C117  	MOVFF       VDelay_ms_NumberOfCyc_L0+1, R1
0x01D6	0xF002C118  	MOVFF       VDelay_ms_NumberOfCyc_L0+2, R2
0x01DA	0xF003C119  	MOVFF       VDelay_ms_NumberOfCyc_L0+3, R3
0x01DE	0x0E01      	MOVLW       1
0x01E0	0x5F16      	SUBWF       VDelay_ms_NumberOfCyc_L0, 1, 1
0x01E2	0x0E00      	MOVLW       0
0x01E4	0x5B17      	SUBWFB      VDelay_ms_NumberOfCyc_L0+1, 1, 1
0x01E6	0x5B18      	SUBWFB      VDelay_ms_NumberOfCyc_L0+2, 1, 1
0x01E8	0x5B19      	SUBWFB      VDelay_ms_NumberOfCyc_L0+3, 1, 1
0x01EA	0x5000      	MOVF        R0, 0 
0x01EC	0x1001      	IORWF       R1, 0 
0x01EE	0x1002      	IORWF       R2, 0 
0x01F0	0x1003      	IORWF       R3, 0 
0x01F2	0xE00C      	BZ          L_VDelay_ms25
;__Lib_Delays.c,135 :: 		asm nop;
0x01F4	0x0000      	NOP
;__Lib_Delays.c,136 :: 		asm nop;
0x01F6	0x0000      	NOP
;__Lib_Delays.c,137 :: 		asm nop;
0x01F8	0x0000      	NOP
;__Lib_Delays.c,138 :: 		asm nop;
0x01FA	0x0000      	NOP
;__Lib_Delays.c,139 :: 		asm nop;
0x01FC	0x0000      	NOP
;__Lib_Delays.c,140 :: 		asm nop;
0x01FE	0x0000      	NOP
;__Lib_Delays.c,141 :: 		asm nop;
0x0200	0x0000      	NOP
;__Lib_Delays.c,142 :: 		asm nop;
0x0202	0x0000      	NOP
;__Lib_Delays.c,143 :: 		asm nop;
0x0204	0x0000      	NOP
;__Lib_Delays.c,144 :: 		asm nop;
0x0206	0x0000      	NOP
;__Lib_Delays.c,145 :: 		asm nop;
0x0208	0x0000      	NOP
;__Lib_Delays.c,146 :: 		}
0x020A	0xD7E1      	BRA         L_VDelay_ms24
L_VDelay_ms25:
;__Lib_Delays.c,147 :: 		}
L_end_VDelay_ms:
0x020C	0x0012      	RETURN      0
; end of _VDelay_ms
_UART1_Write_Text:
;__Lib_UART_c67.c,66 :: 		
;__Lib_UART_c67.c,67 :: 		
0x020E	0x0101      	MOVLB       1
0x0210	0x6B17      	CLRF        UART1_Write_Text_counter_L0, 1
;__Lib_UART_c67.c,69 :: 		
0x0212	0xFFE9C114  	MOVFF       FARG_UART1_Write_Text_uart_text, FSR0L
0x0216	0xFFEAC115  	MOVFF       FARG_UART1_Write_Text_uart_text+1, FSR0H
0x021A	0xF116CFEE  	MOVFF       POSTINC0, UART1_Write_Text_data__L0
;__Lib_UART_c67.c,70 :: 		
L_UART1_Write_Text5:
0x021E	0x5116      	MOVF        UART1_Write_Text_data__L0, 0, 1
0x0220	0x0A00      	XORLW       0
0x0222	0xE00E      	BZ          L_UART1_Write_Text6
;__Lib_UART_c67.c,71 :: 		
0x0224	0xF11AC116  	MOVFF       UART1_Write_Text_data__L0, FARG_UART1_Write_data_
0x0228	0xDEF9      	RCALL       _UART1_Write
;__Lib_UART_c67.c,72 :: 		
0x022A	0x0101      	MOVLB       1
0x022C	0x2B17      	INCF        UART1_Write_Text_counter_L0, 1, 1
;__Lib_UART_c67.c,73 :: 		
0x022E	0x5117      	MOVF        UART1_Write_Text_counter_L0, 0, 1
0x0230	0x2514      	ADDWF       FARG_UART1_Write_Text_uart_text, 0, 1
0x0232	0x6EE9      	MOVWF       FSR0L 
0x0234	0x0E00      	MOVLW       0
0x0236	0x2115      	ADDWFC      FARG_UART1_Write_Text_uart_text+1, 0, 1
0x0238	0x6EEA      	MOVWF       FSR0H 
0x023A	0xF116CFEE  	MOVFF       POSTINC0, UART1_Write_Text_data__L0
;__Lib_UART_c67.c,74 :: 		
0x023E	0xD7EF      	BRA         L_UART1_Write_Text5
L_UART1_Write_Text6:
;__Lib_UART_c67.c,75 :: 		
L_end_UART1_Write_Text:
0x0240	0x0012      	RETURN      0
; end of _UART1_Write_Text
_main:
0x0242	0xF002ECB5  	CALL        1386, 0
;Semaforo-POLI.c,39 :: 		void main(void)
;Semaforo-POLI.c,44 :: 		ADCON1 = 0x0F;
0x0246	0x0E0F      	MOVLW       15
0x0248	0x6EC1      	MOVWF       ADCON1 
;Semaforo-POLI.c,45 :: 		INTCON = 0x90;
0x024A	0x0E90      	MOVLW       144
0x024C	0x6EF2      	MOVWF       INTCON 
;Semaforo-POLI.c,46 :: 		TRISC = 0x80;
0x024E	0x0E80      	MOVLW       128
0x0250	0x6E94      	MOVWF       TRISC 
;Semaforo-POLI.c,47 :: 		TRISB = 0x00;    //Salida
0x0252	0x6A93      	CLRF        TRISB 
;Semaforo-POLI.c,48 :: 		TRISA = 0xFF;    //Entrada
0x0254	0x0EFF      	MOVLW       255
0x0256	0x6E92      	MOVWF       TRISA 
;Semaforo-POLI.c,49 :: 		TRISD = 0x00;    //Salida
0x0258	0x6A95      	CLRF        TRISD 
;Semaforo-POLI.c,50 :: 		PORTB = 0x00;    // Estado inicial del puerto PORTB
0x025A	0x6A81      	CLRF        PORTB 
;Semaforo-POLI.c,51 :: 		PORTA=  0x00;
0x025C	0x6A80      	CLRF        PORTA 
;Semaforo-POLI.c,52 :: 		PORTD=  0x00;
0x025E	0x6A83      	CLRF        PORTD 
;Semaforo-POLI.c,53 :: 		cs = 0;
0x0260	0x0101      	MOVLB       1
0x0262	0x6B02      	CLRF        _cs, 1
;Semaforo-POLI.c,55 :: 		UART1_Init(9600);               // Initialize UART module at 9600 bps
0x0264	0x86B8      	BSF         BAUDCON, 3, 0
0x0266	0x6AB0      	CLRF        SPBRGH 
0x0268	0x0ECF      	MOVLW       207
0x026A	0x6EAF      	MOVWF       SPBRG 
0x026C	0x84AC      	BSF         TXSTA, 2, 0
0x026E	0xDF3C      	RCALL       _UART1_Init
;Semaforo-POLI.c,56 :: 		Delay_ms(100);                  // Wait for UART module to stabilize
0x0270	0x0E02      	MOVLW       2
0x0272	0x6E0B      	MOVWF       R11, 0
0x0274	0x0E04      	MOVLW       4
0x0276	0x6E0C      	MOVWF       R12, 0
0x0278	0x0EBA      	MOVLW       186
0x027A	0x6E0D      	MOVWF       R13, 0
L_main0:
0x027C	0x2E0D      	DECFSZ      R13, 1, 0
0x027E	0xD7FE      	BRA         L_main0
0x0280	0x2E0C      	DECFSZ      R12, 1, 0
0x0282	0xD7FC      	BRA         L_main0
0x0284	0x2E0B      	DECFSZ      R11, 1, 0
0x0286	0xD7FA      	BRA         L_main0
0x0288	0x0000      	NOP
;Semaforo-POLI.c,58 :: 		UART1_Write_Text("Start");
0x028A	0x0ED3      	MOVLW       ?lstr1_Semaforo_45POLI
0x028C	0x6F14      	MOVWF       FARG_UART1_Write_Text_uart_text, 1
0x028E	0x0E00      	MOVLW       hi_addr(?lstr1_Semaforo_45POLI)
0x0290	0x6F15      	MOVWF       FARG_UART1_Write_Text_uart_text+1, 1
0x0292	0xDFBD      	RCALL       _UART1_Write_Text
;Semaforo-POLI.c,59 :: 		UART1_Write(10);
0x0294	0x0E0A      	MOVLW       10
0x0296	0x6F1A      	MOVWF       FARG_UART1_Write_data_, 1
0x0298	0xDEC1      	RCALL       _UART1_Write
;Semaforo-POLI.c,60 :: 		UART1_Write(13);
0x029A	0x0E0D      	MOVLW       13
0x029C	0x0101      	MOVLB       1
0x029E	0x6F1A      	MOVWF       FARG_UART1_Write_data_, 1
0x02A0	0xDEBD      	RCALL       _UART1_Write
;Semaforo-POLI.c,61 :: 		uart_rd ='0';
0x02A2	0x0E30      	MOVLW       48
0x02A4	0x0101      	MOVLB       1
0x02A6	0x6F03      	MOVWF       _uart_rd, 1
;Semaforo-POLI.c,62 :: 		while(1)
L_main1:
;Semaforo-POLI.c,66 :: 		if (UART1_Data_Ready()) {     // If data is received,
0x02A8	0xDEE9      	RCALL       _UART1_Data_Ready
0x02AA	0x5200      	MOVF        R0, 1 
0x02AC	0xE003      	BZ          L_main3
;Semaforo-POLI.c,67 :: 		uart_rd = UART1_Read();     // read the received data,
0x02AE	0xDEEB      	RCALL       _UART1_Read
0x02B0	0xF103C000  	MOVFF       R0, _uart_rd
;Semaforo-POLI.c,69 :: 		}                    // Endless loop
L_main3:
;Semaforo-POLI.c,72 :: 		switch(uart_rd) {
0x02B4	0xD0CE      	BRA         L_main4
;Semaforo-POLI.c,74 :: 		case '0':     // Sistema trabajando automaticamente no se detecta ningun caracter
L_main6:
;Semaforo-POLI.c,76 :: 		UART1_Write_Text("I have it");
0x02B6	0x0E15      	MOVLW       ?lstr2_Semaforo_45POLI
0x02B8	0x0101      	MOVLB       1
0x02BA	0x6F14      	MOVWF       FARG_UART1_Write_Text_uart_text, 1
0x02BC	0x0E00      	MOVLW       hi_addr(?lstr2_Semaforo_45POLI)
0x02BE	0x6F15      	MOVWF       FARG_UART1_Write_Text_uart_text+1, 1
0x02C0	0xDFA6      	RCALL       _UART1_Write_Text
;Semaforo-POLI.c,77 :: 		cs = fsm_sema[cs].next[0];
0x02C2	0x0E0E      	MOVLW       14
0x02C4	0x6E00      	MOVWF       R0 
0x02C6	0x0E00      	MOVLW       0
0x02C8	0x6E01      	MOVWF       R1 
0x02CA	0xF004C102  	MOVFF       _cs, R4
0x02CE	0x0E00      	MOVLW       0
0x02D0	0x6E05      	MOVWF       R5 
0x02D2	0xDEE2      	RCALL       _Mul_16X16_U
0x02D4	0x0E1F      	MOVLW       _fsm_sema
0x02D6	0x2600      	ADDWF       R0, 1 
0x02D8	0x0E00      	MOVLW       hi_addr(_fsm_sema)
0x02DA	0x2201      	ADDWFC      R1, 1 
0x02DC	0x0E06      	MOVLW       6
0x02DE	0x2400      	ADDWF       R0, 0 
0x02E0	0x6ED9      	MOVWF       FSR2L 
0x02E2	0x0E00      	MOVLW       0
0x02E4	0x2001      	ADDWFC      R1, 0 
0x02E6	0x6EDA      	MOVWF       FSR2H 
0x02E8	0xF000CFDE  	MOVFF       POSTINC2, R0
0x02EC	0xF102C000  	MOVFF       R0, _cs
;Semaforo-POLI.c,78 :: 		PORTB = (fsm_sema[cs].St3 << 4)  |  fsm_sema[cs].St4  << 1;
0x02F0	0x0E00      	MOVLW       0
0x02F2	0x6E01      	MOVWF       R1 
0x02F4	0x0E0E      	MOVLW       14
0x02F6	0x6E04      	MOVWF       R4 
0x02F8	0x0E00      	MOVLW       0
0x02FA	0x6E05      	MOVWF       R5 
0x02FC	0xDECD      	RCALL       _Mul_16X16_U
0x02FE	0x0E1F      	MOVLW       _fsm_sema
0x0300	0x2400      	ADDWF       R0, 0 
0x0302	0x6E04      	MOVWF       R4 
0x0304	0x0E00      	MOVLW       hi_addr(_fsm_sema)
0x0306	0x2001      	ADDWFC      R1, 0 
0x0308	0x6E05      	MOVWF       R5 
0x030A	0x0E02      	MOVLW       2
0x030C	0x2404      	ADDWF       R4, 0 
0x030E	0x6EE9      	MOVWF       FSR0L 
0x0310	0x0E00      	MOVLW       0
0x0312	0x2005      	ADDWFC      R5, 0 
0x0314	0x6EEA      	MOVWF       FSR0H 
0x0316	0xF001CFEE  	MOVFF       POSTINC0, R1
0x031A	0xF003C001  	MOVFF       R1, R3
0x031E	0x3603      	RLCF        R3, 1 
0x0320	0x9003      	BCF         R3, 0 
0x0322	0x3603      	RLCF        R3, 1 
0x0324	0x9003      	BCF         R3, 0 
0x0326	0x3603      	RLCF        R3, 1 
0x0328	0x9003      	BCF         R3, 0 
0x032A	0x3603      	RLCF        R3, 1 
0x032C	0x9003      	BCF         R3, 0 
0x032E	0x0E03      	MOVLW       3
0x0330	0x2404      	ADDWF       R4, 0 
0x0332	0x6EE9      	MOVWF       FSR0L 
0x0334	0x0E00      	MOVLW       0
0x0336	0x2005      	ADDWFC      R5, 0 
0x0338	0x6EEA      	MOVWF       FSR0H 
0x033A	0xF002CFEE  	MOVFF       POSTINC0, R2
0x033E	0xF000C002  	MOVFF       R2, R0
0x0342	0x3600      	RLCF        R0, 1 
0x0344	0x9000      	BCF         R0, 0 
0x0346	0x5000      	MOVF        R0, 0 
0x0348	0x1003      	IORWF       R3, 0 
0x034A	0x6E81      	MOVWF       PORTB 
;Semaforo-POLI.c,79 :: 		PORTD = (fsm_sema[cs].St2 << 4)  |  fsm_sema[cs].St1  << 1;
0x034C	0x0E01      	MOVLW       1
0x034E	0x2404      	ADDWF       R4, 0 
0x0350	0x6EE9      	MOVWF       FSR0L 
0x0352	0x0E00      	MOVLW       0
0x0354	0x2005      	ADDWFC      R5, 0 
0x0356	0x6EEA      	MOVWF       FSR0H 
0x0358	0xF001CFEE  	MOVFF       POSTINC0, R1
0x035C	0xF003C001  	MOVFF       R1, R3
0x0360	0x3603      	RLCF        R3, 1 
0x0362	0x9003      	BCF         R3, 0 
0x0364	0x3603      	RLCF        R3, 1 
0x0366	0x9003      	BCF         R3, 0 
0x0368	0x3603      	RLCF        R3, 1 
0x036A	0x9003      	BCF         R3, 0 
0x036C	0x3603      	RLCF        R3, 1 
0x036E	0x9003      	BCF         R3, 0 
0x0370	0xFFE9C004  	MOVFF       R4, FSR0L
0x0374	0xFFEAC005  	MOVFF       R5, FSR0H
0x0378	0xF002CFEE  	MOVFF       POSTINC0, R2
0x037C	0xF000C002  	MOVFF       R2, R0
0x0380	0x3600      	RLCF        R0, 1 
0x0382	0x9000      	BCF         R0, 0 
0x0384	0x5000      	MOVF        R0, 0 
0x0386	0x1003      	IORWF       R3, 0 
0x0388	0x6E83      	MOVWF       PORTD 
;Semaforo-POLI.c,80 :: 		Vdelay_ms (fsm_sema[cs].delay);
0x038A	0x0E04      	MOVLW       4
0x038C	0x2404      	ADDWF       R4, 0 
0x038E	0x6EE9      	MOVWF       FSR0L 
0x0390	0x0E00      	MOVLW       0
0x0392	0x2005      	ADDWFC      R5, 0 
0x0394	0x6EEA      	MOVWF       FSR0H 
0x0396	0xF114CFEE  	MOVFF       POSTINC0, FARG_VDelay_ms_Time_ms
0x039A	0xF115CFEE  	MOVFF       POSTINC0, FARG_VDelay_ms_Time_ms+1
0x039E	0xDED8      	RCALL       _VDelay_ms
;Semaforo-POLI.c,81 :: 		break;
0x03A0	0xD069      	BRA         L_main5
;Semaforo-POLI.c,84 :: 		case 'A' :     // Calle 1 con pase  2,3 y 4 en ALTO
L_main7:
;Semaforo-POLI.c,97 :: 		PORTB = (0x04 << 4)  |  0x04  << 1;
0x03A2	0x0E48      	MOVLW       72
0x03A4	0x6E81      	MOVWF       PORTB 
;Semaforo-POLI.c,98 :: 		PORTD = (0x01 << 4)  |  0x04  << 1;
0x03A6	0x0E18      	MOVLW       24
0x03A8	0x6E83      	MOVWF       PORTD 
;Semaforo-POLI.c,99 :: 		delay_ms (400);
0x03AA	0x0E05      	MOVLW       5
0x03AC	0x6E0B      	MOVWF       R11, 0
0x03AE	0x0E0F      	MOVLW       15
0x03B0	0x6E0C      	MOVWF       R12, 0
0x03B2	0x0EF1      	MOVLW       241
0x03B4	0x6E0D      	MOVWF       R13, 0
L_main8:
0x03B6	0x2E0D      	DECFSZ      R13, 1, 0
0x03B8	0xD7FE      	BRA         L_main8
0x03BA	0x2E0C      	DECFSZ      R12, 1, 0
0x03BC	0xD7FC      	BRA         L_main8
0x03BE	0x2E0B      	DECFSZ      R11, 1, 0
0x03C0	0xD7FA      	BRA         L_main8
;Semaforo-POLI.c,100 :: 		UART1_Write_Text("I have not ");
0x03C2	0x0EC7      	MOVLW       ?lstr3_Semaforo_45POLI
0x03C4	0x6F14      	MOVWF       FARG_UART1_Write_Text_uart_text, 1
0x03C6	0x0E00      	MOVLW       hi_addr(?lstr3_Semaforo_45POLI)
0x03C8	0x6F15      	MOVWF       FARG_UART1_Write_Text_uart_text+1, 1
0x03CA	0xDF21      	RCALL       _UART1_Write_Text
;Semaforo-POLI.c,101 :: 		break;
0x03CC	0xD053      	BRA         L_main5
;Semaforo-POLI.c,103 :: 		case 'B' :
L_main9:
;Semaforo-POLI.c,104 :: 		PORTB = (0x04 << 4)  |  0x04  << 1;
0x03CE	0x0E48      	MOVLW       72
0x03D0	0x6E81      	MOVWF       PORTB 
;Semaforo-POLI.c,105 :: 		PORTD = (0x04 << 4)  |  0x01  << 1;
0x03D2	0x0E42      	MOVLW       66
0x03D4	0x6E83      	MOVWF       PORTD 
;Semaforo-POLI.c,106 :: 		delay_ms (400);
0x03D6	0x0E05      	MOVLW       5
0x03D8	0x6E0B      	MOVWF       R11, 0
0x03DA	0x0E0F      	MOVLW       15
0x03DC	0x6E0C      	MOVWF       R12, 0
0x03DE	0x0EF1      	MOVLW       241
0x03E0	0x6E0D      	MOVWF       R13, 0
L_main10:
0x03E2	0x2E0D      	DECFSZ      R13, 1, 0
0x03E4	0xD7FE      	BRA         L_main10
0x03E6	0x2E0C      	DECFSZ      R12, 1, 0
0x03E8	0xD7FC      	BRA         L_main10
0x03EA	0x2E0B      	DECFSZ      R11, 1, 0
0x03EC	0xD7FA      	BRA         L_main10
;Semaforo-POLI.c,107 :: 		UART1_Write_Text("I have all ");
0x03EE	0x0ED9      	MOVLW       ?lstr4_Semaforo_45POLI
0x03F0	0x6F14      	MOVWF       FARG_UART1_Write_Text_uart_text, 1
0x03F2	0x0E00      	MOVLW       hi_addr(?lstr4_Semaforo_45POLI)
0x03F4	0x6F15      	MOVWF       FARG_UART1_Write_Text_uart_text+1, 1
0x03F6	0xDF0B      	RCALL       _UART1_Write_Text
;Semaforo-POLI.c,108 :: 		break;
0x03F8	0xD03D      	BRA         L_main5
;Semaforo-POLI.c,110 :: 		case 'C' :
L_main11:
;Semaforo-POLI.c,111 :: 		PORTB = (0x01 << 4)  |  0x04  << 1;
0x03FA	0x0E18      	MOVLW       24
0x03FC	0x6E81      	MOVWF       PORTB 
;Semaforo-POLI.c,112 :: 		PORTD = (0x04 << 4)  |  0x04  << 1;
0x03FE	0x0E48      	MOVLW       72
0x0400	0x6E83      	MOVWF       PORTD 
;Semaforo-POLI.c,113 :: 		delay_ms (400);
0x0402	0x0E05      	MOVLW       5
0x0404	0x6E0B      	MOVWF       R11, 0
0x0406	0x0E0F      	MOVLW       15
0x0408	0x6E0C      	MOVWF       R12, 0
0x040A	0x0EF1      	MOVLW       241
0x040C	0x6E0D      	MOVWF       R13, 0
L_main12:
0x040E	0x2E0D      	DECFSZ      R13, 1, 0
0x0410	0xD7FE      	BRA         L_main12
0x0412	0x2E0C      	DECFSZ      R12, 1, 0
0x0414	0xD7FC      	BRA         L_main12
0x0416	0x2E0B      	DECFSZ      R11, 1, 0
0x0418	0xD7FA      	BRA         L_main12
;Semaforo-POLI.c,114 :: 		UART1_Write_Text("I have maximun ");
0x041A	0x0EE5      	MOVLW       ?lstr5_Semaforo_45POLI
0x041C	0x6F14      	MOVWF       FARG_UART1_Write_Text_uart_text, 1
0x041E	0x0E00      	MOVLW       hi_addr(?lstr5_Semaforo_45POLI)
0x0420	0x6F15      	MOVWF       FARG_UART1_Write_Text_uart_text+1, 1
0x0422	0xDEF5      	RCALL       _UART1_Write_Text
;Semaforo-POLI.c,116 :: 		break;
0x0424	0xD027      	BRA         L_main5
;Semaforo-POLI.c,118 :: 		case 'D' :
L_main13:
;Semaforo-POLI.c,119 :: 		PORTB = (0x04 << 4)  |  0x01  << 1;
0x0426	0x0E42      	MOVLW       66
0x0428	0x6E81      	MOVWF       PORTB 
;Semaforo-POLI.c,120 :: 		PORTD = (0x04 << 4)  |  0x04  << 1;
0x042A	0x0E48      	MOVLW       72
0x042C	0x6E83      	MOVWF       PORTD 
;Semaforo-POLI.c,121 :: 		delay_ms (400);
0x042E	0x0E05      	MOVLW       5
0x0430	0x6E0B      	MOVWF       R11, 0
0x0432	0x0E0F      	MOVLW       15
0x0434	0x6E0C      	MOVWF       R12, 0
0x0436	0x0EF1      	MOVLW       241
0x0438	0x6E0D      	MOVWF       R13, 0
L_main14:
0x043A	0x2E0D      	DECFSZ      R13, 1, 0
0x043C	0xD7FE      	BRA         L_main14
0x043E	0x2E0C      	DECFSZ      R12, 1, 0
0x0440	0xD7FC      	BRA         L_main14
0x0442	0x2E0B      	DECFSZ      R11, 1, 0
0x0444	0xD7FA      	BRA         L_main14
;Semaforo-POLI.c,122 :: 		UART1_Write_Text("I have less ");
0x0446	0x0EF5      	MOVLW       ?lstr6_Semaforo_45POLI
0x0448	0x6F14      	MOVWF       FARG_UART1_Write_Text_uart_text, 1
0x044A	0x0E00      	MOVLW       hi_addr(?lstr6_Semaforo_45POLI)
0x044C	0x6F15      	MOVWF       FARG_UART1_Write_Text_uart_text+1, 1
0x044E	0xDEDF      	RCALL       _UART1_Write_Text
;Semaforo-POLI.c,123 :: 		break;
0x0450	0xD011      	BRA         L_main5
;Semaforo-POLI.c,124 :: 		}
L_main4:
0x0452	0x0101      	MOVLB       1
0x0454	0x5103      	MOVF        _uart_rd, 0, 1
0x0456	0x0A30      	XORLW       48
0x0458	0xB4D8      	BTFSC       STATUS, 2 
0x045A	0xD72D      	BRA         L_main6
0x045C	0x5103      	MOVF        _uart_rd, 0, 1
0x045E	0x0A41      	XORLW       65
0x0460	0xE0A0      	BZ          L_main7
0x0462	0x5103      	MOVF        _uart_rd, 0, 1
0x0464	0x0A42      	XORLW       66
0x0466	0xE0B3      	BZ          L_main9
0x0468	0x5103      	MOVF        _uart_rd, 0, 1
0x046A	0x0A43      	XORLW       67
0x046C	0xE0C6      	BZ          L_main11
0x046E	0x5103      	MOVF        _uart_rd, 0, 1
0x0470	0x0A44      	XORLW       68
0x0472	0xE0D9      	BZ          L_main13
L_main5:
;Semaforo-POLI.c,125 :: 		uart_rd ='0';
0x0474	0x0E30      	MOVLW       48
0x0476	0x6F03      	MOVWF       _uart_rd, 1
;Semaforo-POLI.c,126 :: 		}
0x0478	0xD717      	BRA         L_main1
;Semaforo-POLI.c,127 :: 		}
L_end_main:
0x047A	0xD7FF      	BRA         $+0
; end of _main
0x056A	0xF015EE10  	LFSR        1, 21
0x056E	0x0EED      	MOVLW       237
0x0570	0x6E00      	MOVWF       R0 
0x0572	0x0E01      	MOVLW       1
0x0574	0x6E01      	MOVWF       R1 
0x0576	0x0E7C      	MOVLW       124
0x0578	0x6EF6      	MOVWF       4086 
0x057A	0x0E04      	MOVLW       4
0x057C	0x6EF7      	MOVWF       TBLPTRH 
0x057E	0x0E00      	MOVLW       0
0x0580	0x6EF8      	MOVWF       TBLPTRU 
0x0582	0xF000ECA0  	CALL        320, 0
0x0586	0x0012      	RETURN      0
;Semaforo-POLI.c,0 :: ?ICS?lstr2_Semaforo_45POLI
0x047C	0x2049 ;?ICS?lstr2_Semaforo_45POLI+0
0x047E	0x6168 ;?ICS?lstr2_Semaforo_45POLI+2
0x0480	0x6576 ;?ICS?lstr2_Semaforo_45POLI+4
0x0482	0x6920 ;?ICS?lstr2_Semaforo_45POLI+6
0x0484	0x0074 ;?ICS?lstr2_Semaforo_45POLI+8
; end of ?ICS?lstr2_Semaforo_45POLI
;Semaforo-POLI.c,0 :: ?ICS_fsm_sema
0x0486	0x0104 ;?ICS_fsm_sema+0
0x0488	0x0404 ;?ICS_fsm_sema+2
0x048A	0x03E8 ;?ICS_fsm_sema+4
0x048C	0x0001 ;?ICS_fsm_sema+6
0x048E	0x0000 ;?ICS_fsm_sema+8
0x0490	0x0000 ;?ICS_fsm_sema+10
0x0492	0x0000 ;?ICS_fsm_sema+12
0x0494	0x0204 ;?ICS_fsm_sema+14
0x0496	0x0404 ;?ICS_fsm_sema+16
0x0498	0x03E8 ;?ICS_fsm_sema+18
0x049A	0x0002 ;?ICS_fsm_sema+20
0x049C	0x0000 ;?ICS_fsm_sema+22
0x049E	0x0000 ;?ICS_fsm_sema+24
0x04A0	0x0000 ;?ICS_fsm_sema+26
0x04A2	0x0404 ;?ICS_fsm_sema+28
0x04A4	0x0404 ;?ICS_fsm_sema+30
0x04A6	0x03E8 ;?ICS_fsm_sema+32
0x04A8	0x0003 ;?ICS_fsm_sema+34
0x04AA	0x0000 ;?ICS_fsm_sema+36
0x04AC	0x0000 ;?ICS_fsm_sema+38
0x04AE	0x0000 ;?ICS_fsm_sema+40
0x04B0	0x0401 ;?ICS_fsm_sema+42
0x04B2	0x0404 ;?ICS_fsm_sema+44
0x04B4	0x03E8 ;?ICS_fsm_sema+46
0x04B6	0x0004 ;?ICS_fsm_sema+48
0x04B8	0x0000 ;?ICS_fsm_sema+50
0x04BA	0x0000 ;?ICS_fsm_sema+52
0x04BC	0x0000 ;?ICS_fsm_sema+54
0x04BE	0x0402 ;?ICS_fsm_sema+56
0x04C0	0x0404 ;?ICS_fsm_sema+58
0x04C2	0x03E8 ;?ICS_fsm_sema+60
0x04C4	0x0005 ;?ICS_fsm_sema+62
0x04C6	0x0000 ;?ICS_fsm_sema+64
0x04C8	0x0000 ;?ICS_fsm_sema+66
0x04CA	0x0000 ;?ICS_fsm_sema+68
0x04CC	0x0404 ;?ICS_fsm_sema+70
0x04CE	0x0404 ;?ICS_fsm_sema+72
0x04D0	0x03E8 ;?ICS_fsm_sema+74
0x04D2	0x0006 ;?ICS_fsm_sema+76
0x04D4	0x0000 ;?ICS_fsm_sema+78
0x04D6	0x0000 ;?ICS_fsm_sema+80
0x04D8	0x0000 ;?ICS_fsm_sema+82
0x04DA	0x0404 ;?ICS_fsm_sema+84
0x04DC	0x0401 ;?ICS_fsm_sema+86
0x04DE	0x03E8 ;?ICS_fsm_sema+88
0x04E0	0x0007 ;?ICS_fsm_sema+90
0x04E2	0x0000 ;?ICS_fsm_sema+92
0x04E4	0x0000 ;?ICS_fsm_sema+94
0x04E6	0x0000 ;?ICS_fsm_sema+96
0x04E8	0x0404 ;?ICS_fsm_sema+98
0x04EA	0x0402 ;?ICS_fsm_sema+100
0x04EC	0x03E8 ;?ICS_fsm_sema+102
0x04EE	0x0008 ;?ICS_fsm_sema+104
0x04F0	0x0000 ;?ICS_fsm_sema+106
0x04F2	0x0000 ;?ICS_fsm_sema+108
0x04F4	0x0000 ;?ICS_fsm_sema+110
0x04F6	0x0404 ;?ICS_fsm_sema+112
0x04F8	0x0404 ;?ICS_fsm_sema+114
0x04FA	0x03E8 ;?ICS_fsm_sema+116
0x04FC	0x0009 ;?ICS_fsm_sema+118
0x04FE	0x0000 ;?ICS_fsm_sema+120
0x0500	0x0000 ;?ICS_fsm_sema+122
0x0502	0x0000 ;?ICS_fsm_sema+124
0x0504	0x0404 ;?ICS_fsm_sema+126
0x0506	0x0104 ;?ICS_fsm_sema+128
0x0508	0x03E8 ;?ICS_fsm_sema+130
0x050A	0x000A ;?ICS_fsm_sema+132
0x050C	0x0000 ;?ICS_fsm_sema+134
0x050E	0x0000 ;?ICS_fsm_sema+136
0x0510	0x0000 ;?ICS_fsm_sema+138
0x0512	0x0404 ;?ICS_fsm_sema+140
0x0514	0x0204 ;?ICS_fsm_sema+142
0x0516	0x03E8 ;?ICS_fsm_sema+144
0x0518	0x000B ;?ICS_fsm_sema+146
0x051A	0x0000 ;?ICS_fsm_sema+148
0x051C	0x0000 ;?ICS_fsm_sema+150
0x051E	0x0000 ;?ICS_fsm_sema+152
0x0520	0x0404 ;?ICS_fsm_sema+154
0x0522	0x0404 ;?ICS_fsm_sema+156
0x0524	0x03E8 ;?ICS_fsm_sema+158
0x0526	0x0000 ;?ICS_fsm_sema+160
0x0528	0x0000 ;?ICS_fsm_sema+162
0x052A	0x0000 ;?ICS_fsm_sema+164
0x052C	0x0000 ;?ICS_fsm_sema+166
; end of ?ICS_fsm_sema
;Semaforo-POLI.c,0 :: ?ICS?lstr3_Semaforo_45POLI
0x052E	0x2049 ;?ICS?lstr3_Semaforo_45POLI+0
0x0530	0x6168 ;?ICS?lstr3_Semaforo_45POLI+2
0x0532	0x6576 ;?ICS?lstr3_Semaforo_45POLI+4
0x0534	0x6E20 ;?ICS?lstr3_Semaforo_45POLI+6
0x0536	0x746F ;?ICS?lstr3_Semaforo_45POLI+8
0x0538	0x0020 ;?ICS?lstr3_Semaforo_45POLI+10
; end of ?ICS?lstr3_Semaforo_45POLI
;Semaforo-POLI.c,0 :: ?ICS?lstr1_Semaforo_45POLI
0x053A	0x7453 ;?ICS?lstr1_Semaforo_45POLI+0
0x053C	0x7261 ;?ICS?lstr1_Semaforo_45POLI+2
0x053E	0x0074 ;?ICS?lstr1_Semaforo_45POLI+4
; end of ?ICS?lstr1_Semaforo_45POLI
;Semaforo-POLI.c,0 :: ?ICS?lstr4_Semaforo_45POLI
0x0540	0x2049 ;?ICS?lstr4_Semaforo_45POLI+0
0x0542	0x6168 ;?ICS?lstr4_Semaforo_45POLI+2
0x0544	0x6576 ;?ICS?lstr4_Semaforo_45POLI+4
0x0546	0x6120 ;?ICS?lstr4_Semaforo_45POLI+6
0x0548	0x6C6C ;?ICS?lstr4_Semaforo_45POLI+8
0x054A	0x0020 ;?ICS?lstr4_Semaforo_45POLI+10
; end of ?ICS?lstr4_Semaforo_45POLI
;Semaforo-POLI.c,0 :: ?ICS?lstr5_Semaforo_45POLI
0x054C	0x2049 ;?ICS?lstr5_Semaforo_45POLI+0
0x054E	0x6168 ;?ICS?lstr5_Semaforo_45POLI+2
0x0550	0x6576 ;?ICS?lstr5_Semaforo_45POLI+4
0x0552	0x6D20 ;?ICS?lstr5_Semaforo_45POLI+6
0x0554	0x7861 ;?ICS?lstr5_Semaforo_45POLI+8
0x0556	0x6D69 ;?ICS?lstr5_Semaforo_45POLI+10
0x0558	0x6E75 ;?ICS?lstr5_Semaforo_45POLI+12
0x055A	0x0020 ;?ICS?lstr5_Semaforo_45POLI+14
; end of ?ICS?lstr5_Semaforo_45POLI
;Semaforo-POLI.c,0 :: ?ICS?lstr6_Semaforo_45POLI
0x055C	0x2049 ;?ICS?lstr6_Semaforo_45POLI+0
0x055E	0x6168 ;?ICS?lstr6_Semaforo_45POLI+2
0x0560	0x6576 ;?ICS?lstr6_Semaforo_45POLI+4
0x0562	0x6C20 ;?ICS?lstr6_Semaforo_45POLI+6
0x0564	0x7365 ;?ICS?lstr6_Semaforo_45POLI+8
0x0566	0x2073 ;?ICS?lstr6_Semaforo_45POLI+10
0x0568	0x00 ;?ICS?lstr6_Semaforo_45POLI+12
; end of ?ICS?lstr6_Semaforo_45POLI
Symbol List:
//** Routines locations **
//ADDRESS    SIZE    PROCEDURE
//----------------------------------------------
0x001C      [14]    _UART1_Write
0x002A      [82]    _Mul_32x32_U
0x007C      [10]    _UART1_Data_Ready
0x0086      [18]    _UART1_Read
0x0098      [80]    _Mul_16X16_U
0x00E8      [88]    _UART1_Init
0x0140      [16]    ___CC2DW
0x0150     [190]    _VDelay_ms
0x020E      [52]    _UART1_Write_Text
0x0242     [570]    _main
//** Variables locations ** 
//ADDRESS    SIZE    VARIABLE
//----------------------------------------------
0x0000       [1]    UART1_Init_tmp_L0
0x0000       [1]    SPI1_Write_tmp_L0
0x0000       [1]    FLASH_Erase_64_SaveINTCON_L0
0x0000       [1]    __Lib_SoftI2C_PutZerosToLATScl_temp_scl_L0
0x0000       [1]    R0
0x0000       [1]    __Lib_SoftI2C_PutZerosToLATSda_temp_sda_L0
0x0000       [1]    EEPROM_Write_SaveINTCON_L0
0x0001       [1]    __Lib_PS2_Wait_Falling_nsample_L0
0x0001       [1]    R1
0x0001       [1]    I2C1_Rd_tmp_L0
0x0001       [1]    __Lib_TFT_16bit_JPEG_FileRead_i_L0
0x0001       [1]    __Lib_TFT_16bit_JPEG_FileReadBytes_Result_L0
0x0001       [2]    FLASH_Read_N_Bytes_i_L0
0x0001       [1]    __Lib_USB_genHID_?FLOC____Lib_USB_genHID_USB_Handle_BusyT1
0x0001       [1]    ispunct_rslt_L0
0x0001       [1]    __Lib_TFT_JPEG_FileRead_i_L0
0x0001       [1]    FLASH_Erase_Write_64_i_L0
0x0001       [1]    UART1_Read___tmp_UART1_Read_L0
0x0001       [1]    FLASH_Write_32_i_L0
0x0001       [1]    __Lib_TFT_JPEG_FileReadBytes_Result_L0
0x0002       [2]    memcpy_dd_L0
0x0002       [1]    __Lib_USB_genHID_USB_CtrlTrf_Rx_Service_byteToRead_L0
0x0002       [1]    FLASH_Write_32_SaveINTCON_L0
0x0002       [2]    memchr_s_L0
0x0002       [1]    FLASH_Erase_Write_64_j_L0
0x0002       [1]    R2
0x0002       [2]    strlen_cp_L0
0x0002       [2]    memset_pp_L0
0x0003       [2]    __Lib_MmcFat16_f16_toInt_l_L0
0x0003       [2]    __Lib_USB_genHID_USB_CtrlTrf_Tx_Service_byteToSend_L0
0x0003       [2]    Ltrim_original_L0
0x0003       [1]    R3
0x0003       [1]    FLASH_Erase_Write_64_SaveINTCON_L0
0x0003       [2]    MM_TotalFreeMemSize_Tot_L0
0x0003       [2]    memmove_tt_L0
0x0003       [1]    __Lib_USB_genHID_USB_CtrlTrf_Rx_Service_i_L0
0x0003       [1]    MM_Init_i_L0
0x0003       [1]    __Lib_Sprinti_?FLOC____Lib_Sprinti_Do_FillT29
0x0004       [2]    strcat_cp_L0
0x0004       [1]    __Lib_Sprinti_?FLOC____Lib_Sprinti_Do_FillT40
0x0004       [2]    strcpy_cp_L0
0x0004       [1]    __Lib_USB_genHID_GetMaxIndexInDevDsc_index_L0
0x0004       [2]    __Lib_USB_genHID_USB_Transfer_Packet_handle_L0
0x0004       [2]    frexp_pom_L0
0x0004       [2]    __Lib_USB_genHID_USB_Std_Feature_Req_Handler_p_L0
0x0004       [2]    __Lib_MemManager_MM_GetMemAlign_P_L0
0x0004       [2]    strncpy_cp_L0
0x0004       [2]    strncat_cp_L0
0x0004       [2]    memcpy_ss_L0
0x0004       [2]    __Lib_USB_genHID_USB_Get_Status_Handler_p_L2
0x0004       [1]    R4
0x0005       [1]    R5
0x0005       [2]    LongWordToHex_input_half_L0
0x0005       [1]    __Lib_Sprinti_?FLOC____Lib_Sprinti_Do_FillT54
0x0005       [2]    Ltrim_p_L0
0x0005       [2]    __Lib_USB_genHID_USB_Configure_Endpoint_handle_L0
0x0005       [1]    MM_TotalFreeMemSize_i_L0
0x0005       [2]    LongIntToHex_input_half_L0
0x0005       [2]    memmove_ff_L0
0x0006       [1]    R6
0x0006       [1]    __Lib_Sprinti_?FLOC____Lib_Sprinti_Do_FillT69
0x0006       [1]    __Lib_MemManager_MM_GetMemAlign_i_L0
0x0006       [2]    __Lib_USB_genHID_GetMaxIndexInConfigDsc_totalLen_L0
0x0007       [1]    __Lib_TFT_JPEG_GenerateHuffmanTables_bLength_L0
0x0007       [1]    __Lib_TFT_16bit_JPEG_GenerateHuffmanTables_bLength_L0
0x0007       [1]    R7
0x0008       [1]    R8
0x0008       [1]    __Lib_TFT_JPEG_GenerateHuffmanTables_bTable_L0
0x0008       [1]    __Lib_TFT_16bit_JPEG_GenerateHuffmanTables_bTable_L0
0x0008       [3]    __Lib_USB_genHID_GetMaxIndexInConfigDsc_ptr_L0
0x0009       [1]    R9
0x0009       [4]    __Lib_MmcFat16_f16_toLong_l_L0
0x000A       [1]    R10
0x000B       [1]    R11
0x000C       [1]    R12
0x000D       [1]    R13
0x000E       [1]    R14
0x000F       [1]    R15
0x0010       [1]    R16
0x0011       [1]    R17
0x0012       [1]    R18
0x0013       [1]    R19
0x0014       [1]    R20
0x0015      [10]    ?lstr2_Semaforo_45POLI
0x001F     [168]    _fsm_sema
0x00C7      [12]    ?lstr3_Semaforo_45POLI
0x00D3       [6]    ?lstr1_Semaforo_45POLI
0x00D9      [12]    ?lstr4_Semaforo_45POLI
0x00E5      [16]    ?lstr5_Semaforo_45POLI
0x00F5      [13]    ?lstr6_Semaforo_45POLI
0x0102       [1]    _cs
0x0103       [1]    _uart_rd
0x0104       [4]    _UART_Rd_Ptr
0x0108       [4]    _UART_Rdy_Ptr
0x010C       [4]    _UART_Tx_Idle_Ptr
0x0110       [4]    _UART_Wr_Ptr
0x0114       [2]    FARG_VDelay_ms_Time_ms
0x0114       [2]    FARG_UART1_Write_Text_uart_text
0x0116       [1]    UART1_Write_Text_data__L0
0x0116       [4]    VDelay_ms_NumberOfCyc_L0
0x0117       [1]    UART1_Write_Text_counter_L0
0x011A       [1]    FARG_UART1_Write_data_
0x0F80       [1]    PORTA
0x0F81       [1]    PORTB
0x0F83       [1]    PORTD
0x0F92       [1]    TRISA
0x0F93       [1]    TRISB
0x0F94       [0]    TRISC7_bit
0x0F94       [1]    TRISC
0x0F94       [0]    TRISC6_bit
0x0F95       [1]    TRISD
0x0F9E       [1]    PIR1
0x0FAB       [1]    RCSTA
0x0FAC       [1]    TXSTA
0x0FAD       [1]    TXREG
0x0FAE       [1]    RCREG
0x0FAF       [1]    SPBRG
0x0FB0       [1]    SPBRGH
0x0FB8       [1]    BAUDCON
0x0FC1       [1]    ADCON1
0x0FD8       [1]    STATUS
0x0FD9       [1]    FSR2L
0x0FDA       [1]    FSR2H
0x0FDE       [1]    POSTINC2
0x0FE0       [1]    BSR
0x0FE1       [1]    FSR1L
0x0FE2       [1]    FSR1H
0x0FE4       [1]    PREINC1
0x0FE6       [1]    POSTINC1
0x0FE7       [1]    INDF1
0x0FE8       [1]    WREG
0x0FE9       [1]    FSR0L
0x0FEA       [1]    FSR0H
0x0FEE       [1]    POSTINC0
0x0FF2       [1]    INTCON
0x0FF3       [1]    PRODL
0x0FF4       [1]    PRODH
0x0FF5       [1]    TABLAT
0x0FF6       [1]    TBLPTRL
0x0FF7       [1]    TBLPTRH
0x0FF8       [1]    TBLPTRU
//** Constants locations ** 
//ADDRESS    SIZE    CONSTANT
//----------------------------------------------
0x047C      [10]    ?ICS?lstr2_Semaforo_45POLI
0x0486     [168]    ?ICS_fsm_sema
0x052E      [12]    ?ICS?lstr3_Semaforo_45POLI
0x053A       [6]    ?ICS?lstr1_Semaforo_45POLI
0x0540      [12]    ?ICS?lstr4_Semaforo_45POLI
0x054C      [16]    ?ICS?lstr5_Semaforo_45POLI
0x055C      [13]    ?ICS?lstr6_Semaforo_45POLI
//** Label List: ** 
//----------------------------------------------
  L_main0
  L_main1
  L_main2
  L_main3
  L_main4
  L_main5
  L_main6
  L_main7
  L_main8
  L_main9
  L_main10
  L_main11
  L_main12
  L_main13
  L_main14
  L_end_main
  _main
  L_Delay_10us0
  L_Delay_22us1
  L_Delay_50us2
  L_Delay_80us3
  L_Delay_500us4
  L_Delay_5500us5
  L_Delay_1ms6
  L_Delay_5ms7
  L_Delay_8ms8
  L_Delay_100ms9
  L_Delay_10ms10
  L_Delay_1sec11
  L____Boot_Delay4k12
  L____Boot_Delay8k13
  L____Boot_Delay12k14
  L____Boot_Delay16k15
  L____Boot_Delay24k16
  L____Boot_Delay32k17
  L____Boot_Delay48k18
  L____Boot_Delay64k19
  L____Boot_Delay128k20
  L_Delay_Cyc21
  L_Delay_Cyc22
  L_VDelay_ms23
  L_VDelay_ms24
  L_VDelay_ms25
  L_VDelay_Advanced_ms26
  L_VDelay_Advanced_ms27
  L_VDelay_Advanced_ms28
  L_end_Get_Fosc_kHz
  _Get_Fosc_kHz
  L_end_Delay_1us
  _Delay_1us
  L_end_Delay_10us
  _Delay_10us
  L_end_Delay_22us
  _Delay_22us
  L_end_Delay_50us
  _Delay_50us
  L_end_Delay_80us
  _Delay_80us
  L_end_Delay_500us
  _Delay_500us
  L_end_Delay_5500us
  _Delay_5500us
  L_end_Delay_1ms
  _Delay_1ms
  L_end_Delay_5ms
  _Delay_5ms
  L_end_Delay_8ms
  _Delay_8ms
  L_end_Delay_100ms
  _Delay_100ms
  L_end_Delay_10ms
  _Delay_10ms
  L_end_Delay_1sec
  _Delay_1sec
  L_end____Boot_Delay4k
  ____Boot_Delay4k
  L_end____Boot_Delay8k
  ____Boot_Delay8k
  L_end____Boot_Delay12k
  ____Boot_Delay12k
  L_end____Boot_Delay16k
  ____Boot_Delay16k
  L_end____Boot_Delay24k
  ____Boot_Delay24k
  L_end____Boot_Delay32k
  ____Boot_Delay32k
  L_end____Boot_Delay48k
  ____Boot_Delay48k
  L_end____Boot_Delay64k
  ____Boot_Delay64k
  L_end____Boot_Delay128k
  ____Boot_Delay128k
  L_end_Delay_Cyc
  _Delay_Cyc
  L_end_VDelay_ms
  _VDelay_ms
  L__VDelay_ms54
  L__VDelay_ms55
  L__VDelay_ms56
  L_end_VDelay_Advanced_ms
  _VDelay_Advanced_ms
  L__VDelay_Advanced_ms58
  L__VDelay_Advanced_ms59
  L__VDelay_Advanced_ms60
  L_Div_16x16_S0
  L_Div_16x16_S1
  LOOPS3232A
  SADD22LA
  SOK22LA
  SADD22L8
  SOK22L8
  LOOPS3232B
  SADD22LB
  SOK22LB
  SADD22L16
  SOK22L16
  LOOPS3232C
  SADD22LC
  SOK22LC
  SADD22L24
  SOK22L24
  LOOPS3232D
  SADD22LD
  SOK22LD
  SOK22L
  L_Div_32x32_S6
  L_Div_32x32_S7
  L_Div_32x32_S8
  L_Div_32x32_S9
  FXD3232S
  END_ALL
  CA3232S
  C3232SX
  C3232SX1
  C3232S
  C3232S2
  C3232SX4
  C3232SOK
  C3232SX3
  C3232SX2
  avoid_comfrem
  LOOPU3232A
  UADD22LA
  UOK22LA
  UADD22L8
  UOK22L8
  LOOPU3232B
  UADD22LB
  UOK22LB
  UADD22L16
  UOK22L16
  LOOPU3232C
  UADD22LC
  UOK22LC
  UADD22L24
  UOK22L24
  LOOPU3232D
  UADD22LD
  UOK22LD
  UOK22L
  _NEXT
  _EXIT2
  _LOOP
  _EXIT1
  _IF_FIRST
  _IF_SECOND
  _INVERCE_FIRST
  _MULT
  _INBERSE_SECOND
  _EXIT
  L_end_Div_8X8_U
  _Div_8X8_U
  L_end_Div_16X16_U
  _Div_16X16_U
  L_end_Div_16x16_S_L
  _Div_16x16_S_L
  L_end_Div_16x16_S
  _Div_16x16_S
  L_end_Div_8X8_S
  _Div_8X8_S
  L_end_Mul_8X8_S
  _Mul_8X8_S
  L_end_Mul_16X16_U
  _Mul_16X16_U
  L_end_Mul_16X16_S
  _Mul_16X16_S
  L_end_SDIV3232L
  _SDIV3232L
  L_end_COMFREM
  _COMFREM
  L_end_Div_32x32_S
  _Div_32x32_S
  L_end_Div_32x32_U
  _Div_32x32_U
  L_end_Mul_32x32_U
  _Mul_32x32_U
  L_end_Mul_32x32_S
  _Mul_32x32_S
  _CC2D_Loop1
  _CC2DL_Loop1
  L_loopCA2AWs
  L_loopCCA2AWs
  L_loopCS2Ss
  L_CS2Send
  L_loopCCS2Ss
  L_CCS2Send
  L_loopFZinSWs
  L_longjmp7
  L_end___CC2D
  ___CC2D
  L_end___CC2DW
  ___CC2DW
  L_end___CA2AW
  ___CA2AW
  L_end___CCA2AW
  ___CCA2AW
  L_end___CS2S
  ___CS2S
  L_end___CCS2S
  ___CCS2S
  L_end___FZinS
  ___FZinS
  L_end_____DoIFC
  _____DoIFC
  L_end_Swap
  _Swap
  L_end_setjmp
  _setjmp
  L_end_longjmp
  _longjmp
  L_UART1_Init0
  L_UART1_Init1
  L_UART1_Read2
  L_UART1_Write3
  L_UART1_Write4
  L_UART1_Write_Text5
  L_UART1_Write_Text6
  L_UART1_Read_Text7
  L_UART1_Read_Text8
  L_UART1_Read_Text9
  L_UART1_Read_Text10
  L_UART1_Read_Text11
  L_UART1_Read_Text12
  L_UART1_Read_Text13
  L_UART1_Read_Text14
  L_UART1_Read_Text15
  L_UART_Write_Text16
  L_UART_Write_Text17
  L_UART_Read_Text18
  L_UART_Read_Text19
  L_UART_Read_Text20
  L_UART_Read_Text21
  L_UART_Read_Text22
  L_UART_Read_Text23
  L_UART_Read_Text24
  L_UART_Read_Text25
  L_UART_Read_Text26
  L_end_UART1_Init
  _UART1_Init
  L_end_UART1_Data_Ready
  _UART1_Data_Ready
  L_end_UART1_Read
  _UART1_Read
  L_end_UART1_Tx_Idle
  _UART1_Tx_Idle
  L_end_UART1_Write
  _UART1_Write
  L_end_UART1_Write_Text
  _UART1_Write_Text
  L_end_UART1_Read_Text
  _UART1_Read_Text
  L_end_UART_Set_Active
  _UART_Set_Active
  L_end_UART_Write
  _UART_Write
  L_end_UART_Write_Text
  _UART_Write_Text
  L_end_UART_Read
  _UART_Read
  L_end_UART_Data_Ready
  _UART_Data_Ready
  L_end_UART_Read_Text
  _UART_Read_Text
  L_end_UART_Tx_Idle
  _UART_Tx_Idle
